<?xml version="1.0" encoding="UTF-8"?>
<!-- Generated by org.testng.reporters.JUnitXMLReporter -->
<testsuite hostname="LAPTOP-JSNHJDAK" failures="4" tests="4" name="Nopackage" time="19.881" errors="0" timestamp="17 Jun 2023 09:51:49 GMT">
  <testcase classname="com.Hrms.TestScript.TC_001" name="tc001" time="0.031">
    <failure type="java.lang.NoClassDefFoundError" message="org/apache/log4j/xml/DOMConfigurator">
      <![CDATA[java.lang.NoClassDefFoundError: org/apache/log4j/xml/DOMConfigurator
	at com.Hrms.TestScript.TC_001.tc001(TC_001.java:12)
Caused by: java.lang.ClassNotFoundException: org.apache.log4j.xml.DOMConfigurator
	at java.base/jdk.internal.loader.BuiltinClassLoader.loadClass(BuiltinClassLoader.java:641)
	at java.base/jdk.internal.loader.ClassLoaders$AppClassLoader.loadClass(ClassLoaders.java:188)
	at java.base/java.lang.ClassLoader.loadClass(ClassLoader.java:520)
	... 24 more
... Removed 23 stack frames]]>
    </failure>
  </testcase> <!-- tc001 -->
  <testcase classname="com.Hrms.TestScript.TC_002" name="tc002" time="9.53">
    <failure type="java.lang.NoClassDefFoundError" message="org/apache/log4j/Logger">
      <![CDATA[java.lang.NoClassDefFoundError: org/apache/log4j/Logger
	at com.Hrms.Utility.Log.<clinit>(Log.java:7)
	at com.Hrms.lib.General.openApplication(General.java:18)
	at com.Hrms.TestScript.TC_002.tc002(TC_002.java:12)
Caused by: java.lang.ClassNotFoundException: org.apache.log4j.Logger
	at java.base/jdk.internal.loader.BuiltinClassLoader.loadClass(BuiltinClassLoader.java:641)
	at java.base/jdk.internal.loader.ClassLoaders$AppClassLoader.loadClass(ClassLoaders.java:188)
	at java.base/java.lang.ClassLoader.loadClass(ClassLoader.java:520)
	... 26 more
... Removed 23 stack frames]]>
    </failure>
  </testcase> <!-- tc002 -->
  <testcase classname="com.Hrms.TestScript.TC_003" name="tc003" time="5.456">
    <failure type="java.lang.NoClassDefFoundError" message="Could not initialize class com.Hrms.Utility.Log">
      <![CDATA[java.lang.NoClassDefFoundError: Could not initialize class com.Hrms.Utility.Log
	at com.Hrms.lib.General.openApplication(General.java:18)
	at com.Hrms.TestScript.TC_003.tc003(TC_003.java:12)
Caused by: java.lang.ExceptionInInitializerError: Exception java.lang.NoClassDefFoundError: org/apache/log4j/Logger [in thread "main"]
	at com.Hrms.Utility.Log.<clinit>(Log.java:7)
	at com.Hrms.lib.General.openApplication(General.java:18)
	at com.Hrms.TestScript.TC_002.tc002(TC_002.java:12)
	... 23 more
... Removed 23 stack frames]]>
    </failure>
  </testcase> <!-- tc003 -->
  <testcase classname="com.Hrms.TestScript.TC_004" name="tc003" time="4.844">
    <failure type="java.lang.NoClassDefFoundError" message="Could not initialize class com.Hrms.Utility.Log">
      <![CDATA[java.lang.NoClassDefFoundError: Could not initialize class com.Hrms.Utility.Log
	at com.Hrms.lib.General.openApplication(General.java:18)
	at com.Hrms.TestScript.TC_004.tc003(TC_004.java:12)
Caused by: java.lang.ExceptionInInitializerError: Exception java.lang.NoClassDefFoundError: org/apache/log4j/Logger [in thread "main"]
	at com.Hrms.Utility.Log.<clinit>(Log.java:7)
	at com.Hrms.lib.General.openApplication(General.java:18)
	at com.Hrms.TestScript.TC_002.tc002(TC_002.java:12)
	... 23 more
... Removed 23 stack frames]]>
    </failure>
  </testcase> <!-- tc003 -->
</testsuite> <!-- Nopackage -->
